/BATCH  
/COM,ANSYS RELEASE 15.0.7  UP20140420       13:05:07    05/24/2023
/input,menust,tmp,''
/GRA,POWER
/GST,ON
/PLO,INFO,3
/GRO,CURL,ON
/CPLANE,1   
/REPLOT,RESIZE  
WPSTYLE,,,,,,,,0
/REPLOT,RESIZE  
/AUX15  
!*  
IOPTN,IGES,SMOOTH   
IOPTN,MERGE,YES 
IOPTN,SOLID,YES 
IOPTN,SMALL,YES 
IOPTN,GTOLER, DEFA  
IGESIN,'support_without_one_hole','IGS','Z:\3D\'
APLOT   
!*  
FINISH  
/SOL
FINISH  
/PREP7  
!*  
ET,1,SOLID187   
!*  
FLST,2,24,5,ORDE,2  
FITEM,2,45  
FITEM,2,-68 
AGLUE,P51X  
FLST,2,24,5,ORDE,4  
FITEM,2,1   
FITEM,2,-18 
FITEM,2,45  
FITEM,2,-50 
VA,P51X 
ESIZE,7,0,  
MSHAPE,1,3D 
MSHKEY,0
!*  
CM,_Y,VOLU  
VSEL, , , ,       1 
CM,_Y1,VOLU 
CHKMSH,'VOLU'   
CMSEL,S,_Y  
!*  
VMESH,_Y1   
!*  
CMDELE,_Y   
CMDELE,_Y1  
CMDELE,_Y2  
!*  
